[14:55:07] [Client thread/INFO]: Setting user: Player909
[14:55:33] [Client thread/INFO]: LWJGL Version: 2.9.1
[14:56:06] [Client thread/INFO]: Reloading ResourceManager: Default, FMLFileResourcePack:Forge Mod Loader, FMLFileResourcePack:Minecraft Forge, FMLFileResourcePack:Soul Fragments
[14:56:10] [Sound Library Loader/INFO]: Starting up SoundSystem...
[14:56:11] [Thread-9/INFO]: Initializing LWJGL OpenAL
[14:56:11] [Thread-9/INFO]: (The LWJGL binding of OpenAL.  For more information, see http://www.lwjgl.org)
[14:56:11] [Thread-9/INFO]: OpenAL initialized.
[14:56:11] [Sound Library Loader/INFO]: Sound engine started
[14:56:39] [Client thread/INFO]: Created: 16x16 textures-atlas
[14:56:48] [Client thread/INFO]: Reloading ResourceManager: Default, FMLFileResourcePack:Forge Mod Loader, FMLFileResourcePack:Minecraft Forge, FMLFileResourcePack:Soul Fragments
[14:56:49] [Client thread/INFO]: SoundSystem shutting down...
[14:56:49] [Client thread/WARN]: Author: Paul Lamb, www.paulscode.com
[14:56:49] [Sound Library Loader/INFO]: Starting up SoundSystem...
[14:56:49] [Thread-11/INFO]: Initializing LWJGL OpenAL
[14:56:49] [Thread-11/INFO]: (The LWJGL binding of OpenAL.  For more information, see http://www.lwjgl.org)
[14:56:49] [Thread-11/INFO]: OpenAL initialized.
[14:56:49] [Sound Library Loader/INFO]: Sound engine started
[14:57:16] [Client thread/INFO]: Created: 512x512 textures-atlas
[14:57:27] [Server thread/INFO]: Starting integrated minecraft server version 1.8
[14:57:27] [Server thread/INFO]: Generating keypair
[14:57:29] [Server thread/INFO]: Preparing start region for level 0
[14:57:31] [Server thread/INFO]: Preparing spawn area: 0%
[14:57:32] [Server thread/INFO]: Preparing spawn area: 4%
[14:57:33] [Server thread/INFO]: Preparing spawn area: 18%
[14:57:34] [Server thread/INFO]: Preparing spawn area: 35%
[14:57:35] [Server thread/INFO]: Preparing spawn area: 56%
[14:57:36] [Server thread/INFO]: Preparing spawn area: 74%
[14:57:37] [Server thread/INFO]: Preparing spawn area: 95%
[14:57:40] [Server thread/WARN]: Can't keep up! Did the system time change, or is the server overloaded? Running 3024ms behind, skipping 60 tick(s)
[14:57:48] [Server thread/INFO]: Player909[local:E:a49e0ff5] logged in with entity id 287 at (-70.30000001192093, 69.0, 231.4331056556531)
[14:57:48] [Server thread/INFO]: Player909 joined the game
[14:58:18] [Client thread/INFO]: [CHAT] Saved screenshot as 2016-01-16_14.58.17.png
[14:58:23] [Server thread/INFO]: Saving and pausing game...
[14:58:23] [Server thread/INFO]: Saving chunks for level 'New World'/Overworld
[14:58:27] [Server thread/INFO]: Saving chunks for level 'New World'/Nether
[14:58:27] [Server thread/INFO]: Saving chunks for level 'New World'/The End
[14:58:29] [Server thread/WARN]: Can't keep up! Did the system time change, or is the server overloaded? Running 22905ms behind, skipping 458 tick(s)
[14:59:24] [Server thread/WARN]: Can't keep up! Did the system time change, or is the server overloaded? Running 2028ms behind, skipping 40 tick(s)
[14:59:39] [Server thread/INFO]: Stopping server
[14:59:39] [Server thread/INFO]: Saving players
[14:59:39] [Server thread/INFO]: Saving worlds
[14:59:39] [Server thread/INFO]: Saving chunks for level 'New World'/Overworld
[14:59:39] [Server thread/INFO]: Saving chunks for level 'New World'/Nether
[14:59:39] [Server thread/INFO]: Saving chunks for level 'New World'/The End
[14:59:52] [Client thread/INFO]: Stopping!
[14:59:52] [Client thread/INFO]: SoundSystem shutting down...
[14:59:52] [Client thread/WARN]: Author: Paul Lamb, www.paulscode.com
